<?xml version="1.0" encoding="UTF-8"?>
<testng-results ignored="0" total="1" passed="1" failed="0" skipped="0">
  <reporter-output>
  </reporter-output>
  <suite started-at="2024-01-05T00:40:20 IST" name="Default suite" finished-at="2024-01-05T00:40:30 IST" duration-ms="9660">
    <groups>
    </groups>
    <test started-at="2024-01-05T00:40:20 IST" name="Default test" finished-at="2024-01-05T00:40:30 IST" duration-ms="9660">
      <class name="testngpkg.Windowhandle">
        <test-method is-config="true" signature="setup()[pri:0, instance:testngpkg.Windowhandle@6c1a5b54]" started-at="2024-01-05T00:40:20 IST" name="setup" finished-at="2024-01-05T00:40:23 IST" duration-ms="2003" status="PASS">
          <reporter-output>
          </reporter-output>
        </test-method> <!-- setup -->
        <test-method signature="test()[pri:0, instance:testngpkg.Windowhandle@6c1a5b54]" started-at="2024-01-05T00:40:23 IST" name="test" finished-at="2024-01-05T00:40:30 IST" duration-ms="7627" status="PASS">
          <reporter-output>
          </reporter-output>
        </test-method> <!-- test -->
      </class> <!-- testngpkg.Windowhandle -->
    </test> <!-- Default test -->
  </suite> <!-- Default suite -->
</testng-results>
