<?xml version="1.0" encoding="UTF-8"?>
<testng-results ignored="0" total="1" passed="1" failed="0" skipped="0">
  <reporter-output>
  </reporter-output>
  <suite started-at="2023-11-02T00:09:19 IST" name="Default suite" finished-at="2023-11-02T00:09:24 IST" duration-ms="4220">
    <groups>
    </groups>
    <test started-at="2023-11-02T00:09:19 IST" name="Default test" finished-at="2023-11-02T00:09:24 IST" duration-ms="4220">
      <class name="testngpkg.Assertion">
        <test-method is-config="true" signature="setup()[pri:0, instance:testngpkg.Assertion@41a0aa7d]" started-at="2023-11-02T00:09:19 IST" name="setup" finished-at="2023-11-02T00:09:23 IST" duration-ms="4135" status="PASS">
          <reporter-output>
          </reporter-output>
        </test-method> <!-- setup -->
        <test-method signature="test()[pri:0, instance:testngpkg.Assertion@41a0aa7d]" started-at="2023-11-02T00:09:23 IST" name="test" finished-at="2023-11-02T00:09:23 IST" duration-ms="27" status="PASS">
          <reporter-output>
          </reporter-output>
        </test-method> <!-- test -->
      </class> <!-- testngpkg.Assertion -->
    </test> <!-- Default test -->
  </suite> <!-- Default suite -->
</testng-results>
